<?xml version="1.0" encoding="UTF-8"?>
<!-- Generated by org.testng.reporters.JUnitReportReporter -->
<testsuite skipped="0" hostname="QAPPS02" name="com.demo2.Demo_dragAndDrop" tests="2" failures="0" timestamp="31 Aug 2019 10:16:40 GMT" time="13.238" errors="0">
  <testcase name="Drag_and_Drop" time="4.879" classname="com.demo2.Demo_dragAndDrop"/>
  <testcase name="Select_multiple_values_from_the_list" time="8.359" classname="com.demo2.Demo_dragAndDrop"/>
</testsuite> <!-- com.demo2.Demo_dragAndDrop -->
