<?xml version="1.0" encoding="UTF-8"?>
<!-- Generated by org.testng.reporters.JUnitReportReporter -->
<testsuite skipped="0" hostname="QAPPS02" name="com.demo1.Demo_Double_clicks_onElement" tests="2" failures="0" timestamp="31 Aug 2019 10:16:40 GMT" time="21.346" errors="0">
  <testcase name="Double_clicks_onElement" time="7.311" classname="com.demo1.Demo_Double_clicks_onElement"/>
  <testcase name="Dynamically_Identify_Tables_Data" time="14.035" classname="com.demo1.Demo_Double_clicks_onElement"/>
</testsuite> <!-- com.demo1.Demo_Double_clicks_onElement -->
